  main.cpp
D:\PhamDucManh24020222\NinjaGame\NinjaGame\main.cpp(180,17): warning C4566: character represented by universal-character-name '\u1EC3' cannot be represented in the current code page (1252)
D:\PhamDucManh24020222\NinjaGame\NinjaGame\main.cpp(180,17): warning C4566: character represented by universal-character-name '\u1EDF' cannot be represented in the current code page (1252)
D:\PhamDucManh24020222\NinjaGame\NinjaGame\main.cpp(180,17): warning C4566: character represented by universal-character-name '\u1EA1' cannot be represented in the current code page (1252)
D:\PhamDucManh24020222\NinjaGame\NinjaGame\main.cpp(180,17): warning C4566: character represented by universal-character-name '\u1ED7' cannot be represented in the current code page (1252)
D:\PhamDucManh24020222\NinjaGame\NinjaGame\main.cpp(186,17): warning C4566: character represented by universal-character-name '\u1EC3' cannot be represented in the current code page (1252)
D:\PhamDucManh24020222\NinjaGame\NinjaGame\main.cpp(186,17): warning C4566: character represented by universal-character-name '\u1EDF' cannot be represented in the current code page (1252)
D:\PhamDucManh24020222\NinjaGame\NinjaGame\main.cpp(186,17): warning C4566: character represented by universal-character-name '\u1EA1' cannot be represented in the current code page (1252)
D:\PhamDucManh24020222\NinjaGame\NinjaGame\main.cpp(186,17): warning C4566: character represented by universal-character-name '\u1ED7' cannot be represented in the current code page (1252)
D:\PhamDucManh24020222\NinjaGame\NinjaGame\main.cpp(193,17): warning C4566: character represented by universal-character-name '\u1EC3' cannot be represented in the current code page (1252)
D:\PhamDucManh24020222\NinjaGame\NinjaGame\main.cpp(193,17): warning C4566: character represented by universal-character-name '\u1EDF' cannot be represented in the current code page (1252)
D:\PhamDucManh24020222\NinjaGame\NinjaGame\main.cpp(193,17): warning C4566: character represented by universal-character-name '\u1EA1' cannot be represented in the current code page (1252)
D:\PhamDucManh24020222\NinjaGame\NinjaGame\main.cpp(193,17): warning C4566: character represented by universal-character-name '\u1ED7' cannot be represented in the current code page (1252)
D:\PhamDucManh24020222\NinjaGame\NinjaGame\main.cpp(201,17): warning C4566: character represented by universal-character-name '\u1EC3' cannot be represented in the current code page (1252)
D:\PhamDucManh24020222\NinjaGame\NinjaGame\main.cpp(201,17): warning C4566: character represented by universal-character-name '\u1EDF' cannot be represented in the current code page (1252)
D:\PhamDucManh24020222\NinjaGame\NinjaGame\main.cpp(201,17): warning C4566: character represented by universal-character-name '\u1EA1' cannot be represented in the current code page (1252)
D:\PhamDucManh24020222\NinjaGame\NinjaGame\main.cpp(201,17): warning C4566: character represented by universal-character-name '\u1ED7' cannot be represented in the current code page (1252)
D:\PhamDucManh24020222\NinjaGame\NinjaGame\main.cpp(210,35): warning C4566: character represented by universal-character-name '\u1EC3' cannot be represented in the current code page (1252)
D:\PhamDucManh24020222\NinjaGame\NinjaGame\main.cpp(210,35): warning C4566: character represented by universal-character-name '\u1EA3' cannot be represented in the current code page (1252)
D:\PhamDucManh24020222\NinjaGame\NinjaGame\main.cpp(214,33): warning C4566: character represented by universal-character-name '\u1EC3' cannot be represented in the current code page (1252)
D:\PhamDucManh24020222\NinjaGame\NinjaGame\main.cpp(214,33): warning C4566: character represented by universal-character-name '\u1EA3' cannot be represented in the current code page (1252)
D:\PhamDucManh24020222\NinjaGame\NinjaGame\main.cpp(218,28): warning C4566: character represented by universal-character-name '\u1EC3' cannot be represented in the current code page (1252)
D:\PhamDucManh24020222\NinjaGame\NinjaGame\main.cpp(218,28): warning C4566: character represented by universal-character-name '\u1EA3' cannot be represented in the current code page (1252)
D:\PhamDucManh24020222\NinjaGame\NinjaGame\main.cpp(222,29): warning C4566: character represented by universal-character-name '\u1EC3' cannot be represented in the current code page (1252)
D:\PhamDucManh24020222\NinjaGame\NinjaGame\main.cpp(222,29): warning C4566: character represented by universal-character-name '\u1EA3' cannot be represented in the current code page (1252)
D:\PhamDucManh24020222\NinjaGame\NinjaGame\main.cpp(226,29): warning C4566: character represented by universal-character-name '\u1EC3' cannot be represented in the current code page (1252)
D:\PhamDucManh24020222\NinjaGame\NinjaGame\main.cpp(226,29): warning C4566: character represented by universal-character-name '\u1EA3' cannot be represented in the current code page (1252)
D:\PhamDucManh24020222\NinjaGame\NinjaGame\main.cpp(230,30): warning C4566: character represented by universal-character-name '\u1EC3' cannot be represented in the current code page (1252)
D:\PhamDucManh24020222\NinjaGame\NinjaGame\main.cpp(230,30): warning C4566: character represented by universal-character-name '\u1EA3' cannot be represented in the current code page (1252)
D:\PhamDucManh24020222\NinjaGame\NinjaGame\main.cpp(234,32): warning C4566: character represented by universal-character-name '\u1EC3' cannot be represented in the current code page (1252)
D:\PhamDucManh24020222\NinjaGame\NinjaGame\main.cpp(234,32): warning C4566: character represented by universal-character-name '\u1EA3' cannot be represented in the current code page (1252)
D:\PhamDucManh24020222\NinjaGame\NinjaGame\main.cpp(238,32): warning C4566: character represented by universal-character-name '\u1EC3' cannot be represented in the current code page (1252)
D:\PhamDucManh24020222\NinjaGame\NinjaGame\main.cpp(238,32): warning C4566: character represented by universal-character-name '\u1EA3' cannot be represented in the current code page (1252)
D:\PhamDucManh24020222\NinjaGame\NinjaGame\main.cpp(242,28): warning C4566: character represented by universal-character-name '\u1EC3' cannot be represented in the current code page (1252)
D:\PhamDucManh24020222\NinjaGame\NinjaGame\main.cpp(242,28): warning C4566: character represented by universal-character-name '\u1EA3' cannot be represented in the current code page (1252)
D:\PhamDucManh24020222\NinjaGame\NinjaGame\main.cpp(250,17): warning C4566: character represented by universal-character-name '\u1EC3' cannot be represented in the current code page (1252)
D:\PhamDucManh24020222\NinjaGame\NinjaGame\main.cpp(250,17): warning C4566: character represented by universal-character-name '\u1EA1' cannot be represented in the current code page (1252)
D:\PhamDucManh24020222\NinjaGame\NinjaGame\main.cpp(250,17): warning C4566: character represented by universal-character-name '\u1EED' cannot be represented in the current code page (1252)
D:\PhamDucManh24020222\NinjaGame\NinjaGame\main.cpp(250,17): warning C4566: character represented by universal-character-name '\u1ED5' cannot be represented in the current code page (1252)
D:\PhamDucManh24020222\NinjaGame\NinjaGame\main.cpp(257,17): warning C4566: character represented by universal-character-name '\u1EC3' cannot be represented in the current code page (1252)
D:\PhamDucManh24020222\NinjaGame\NinjaGame\main.cpp(257,17): warning C4566: character represented by universal-character-name '\u1EA1' cannot be represented in the current code page (1252)
  NinjaGame.vcxproj -> D:\PhamDucManh24020222\NinjaGame\x64\Debug\NinjaGame.exe
